<?xml version="1.0" encoding="UTF-8"?>
<testsuite name="com.plamote.localbackend.TestMainVerticle" tests="1" skipped="0" failures="0" errors="0" timestamp="2025-11-30T00:18:49.648Z" hostname="MacBook-Pro" time="0.103">
  <properties/>
  <testcase name="verticle_deployed(Vertx, VertxTestContext)" classname="com.plamote.localbackend.TestMainVerticle" time="0.103"/>
  <system-out><![CDATA[HTTP server started on port 8888
]]></system-out>
  <system-err><![CDATA[Nov 29, 2025 7:18:49 PM io.netty.resolver.dns.DnsServerAddressStreamProviders <clinit>
WARNING: Can not find io.netty.resolver.dns.macos.MacOSDnsServerAddressStreamProvider in the classpath, fallback to system defaults. This may result in incorrect DNS resolutions on MacOS. Check whether you have a dependency on 'io.netty:netty-resolver-dns-native-macos'
]]></system-err>
</testsuite>
